<?xml version="1.0" encoding="UTF-8"?>
<!-- Generated by org.testng.reporters.JUnitXMLReporter -->
<testsuite hostname="BSC-PF10PQM2" ignored="4" name="Test" tests="4" failures="0" timestamp="2019-12-18T11:48:21 IST" time="0.068" errors="0">
  <testcase name="Submodule11" time="0.014" classname="com.techbeamers.GroupModule"/>
  <testcase name="Submodule12" time="0.004" classname="com.techbeamers.GroupModule"/>
  <testcase name="Submodule13" time="0.002" classname="com.techbeamers.GroupModule"/>
  <testcase name="Submodule14" time="0.002" classname="com.techbeamers.GroupModule"/>
  <testcase name="Submodule21" time="0.0" classname="com.techbeamers.GroupModule">
    <ignored/>
  </testcase> <!-- Submodule21 -->
  <testcase name="Submodule23" time="0.0" classname="com.techbeamers.GroupModule">
    <ignored/>
  </testcase> <!-- Submodule23 -->
  <testcase name="Submodule22" time="0.0" classname="com.techbeamers.GroupModule">
    <ignored/>
  </testcase> <!-- Submodule22 -->
  <testcase name="Submodule24" time="0.0" classname="com.techbeamers.GroupModule">
    <ignored/>
  </testcase> <!-- Submodule24 -->
</testsuite> <!-- Test -->
