<?xml version="1.0" encoding="UTF-8"?>
<testng-results skipped="0" failed="0" ignored="4" total="8" passed="4">
  <reporter-output>
  </reporter-output>
  <suite name="Suite" duration-ms="68" started-at="2019-12-18T11:48:21 IST" finished-at="2019-12-18T11:48:21 IST">
    <groups>
      <group name="Sub module 13">
        <method signature="GroupModule.Submodule13()[pri:0, instance:com.techbeamers.GroupModule@1ad282e0]" name="Submodule13" class="com.techbeamers.GroupModule"/>
      </group> <!-- Sub module 13 -->
      <group name="Sub module 14">
        <method signature="GroupModule.Submodule14()[pri:0, instance:com.techbeamers.GroupModule@1ad282e0]" name="Submodule14" class="com.techbeamers.GroupModule"/>
      </group> <!-- Sub module 14 -->
      <group name="Sub module 11">
        <method signature="GroupModule.Submodule11()[pri:0, instance:com.techbeamers.GroupModule@1ad282e0]" name="Submodule11" class="com.techbeamers.GroupModule"/>
      </group> <!-- Sub module 11 -->
      <group name="Sub module 12">
        <method signature="GroupModule.Submodule12()[pri:0, instance:com.techbeamers.GroupModule@1ad282e0]" name="Submodule12" class="com.techbeamers.GroupModule"/>
      </group> <!-- Sub module 12 -->
    </groups>
    <test name="Test" duration-ms="68" started-at="2019-12-18T11:48:21 IST" finished-at="2019-12-18T11:48:21 IST">
      <class name="com.techbeamers.GroupModule">
        <test-method status="PASS" signature="Submodule11()[pri:0, instance:com.techbeamers.GroupModule@1ad282e0]" name="Submodule11" duration-ms="14" started-at="2019-12-18T11:48:21 IST" finished-at="2019-12-18T11:48:21 IST">
          <reporter-output>
          </reporter-output>
        </test-method> <!-- Submodule11 -->
        <test-method status="PASS" signature="Submodule12()[pri:0, instance:com.techbeamers.GroupModule@1ad282e0]" name="Submodule12" duration-ms="4" started-at="2019-12-18T11:48:21 IST" finished-at="2019-12-18T11:48:21 IST">
          <reporter-output>
          </reporter-output>
        </test-method> <!-- Submodule12 -->
        <test-method status="PASS" signature="Submodule13()[pri:0, instance:com.techbeamers.GroupModule@1ad282e0]" name="Submodule13" duration-ms="2" started-at="2019-12-18T11:48:21 IST" finished-at="2019-12-18T11:48:21 IST">
          <reporter-output>
          </reporter-output>
        </test-method> <!-- Submodule13 -->
        <test-method status="PASS" signature="Submodule14()[pri:0, instance:com.techbeamers.GroupModule@1ad282e0]" name="Submodule14" duration-ms="2" started-at="2019-12-18T11:48:21 IST" finished-at="2019-12-18T11:48:21 IST">
          <reporter-output>
          </reporter-output>
        </test-method> <!-- Submodule14 -->
      </class> <!-- com.techbeamers.GroupModule -->
    </test> <!-- Test -->
  </suite> <!-- Suite -->
</testng-results>
