<?xml version="1.0" encoding="UTF-8"?>
<!-- Generated by org.testng.reporters.JUnitXMLReporter -->
<testsuite hostname="BSC-PF10PQM2" ignored="0" name="GRP-Regression_Group3,Regression_Group2,Regression_Group1" tests="6" failures="0" timestamp="2019-12-18T11:39:30 IST" time="0.073" errors="0">
  <testcase name="Group1Method1" time="0.01" classname="com.techbeamers.GroupRegex"/>
  <testcase name="Group1Method2" time="0.003" classname="com.techbeamers.GroupRegex"/>
  <testcase name="Group2Method1" time="0.001" classname="com.techbeamers.GroupRegex"/>
  <testcase name="Group2Method2" time="0.003" classname="com.techbeamers.GroupRegex"/>
  <testcase name="Group3Method1" time="0.001" classname="com.techbeamers.GroupRegex"/>
  <testcase name="Group3Method3" time="0.002" classname="com.techbeamers.GroupRegex"/>
</testsuite> <!-- GRP-Regression_Group3,Regression_Group2,Regression_Group1 -->
