<?xml version="1.0" encoding="UTF-8"?>
<!-- Generated by org.testng.reporters.JUnitXMLReporter -->
<testsuite hostname="BSC-PF10PQM2" ignored="2" name="GRP-Window" tests="4" failures="0" timestamp="2019-12-18T11:40:30 IST" time="0.097" errors="0">
  <testcase name="MethodsBelongToG1" time="0.018" classname="com.techbeamers.GroupMultiple"/>
  <testcase name="MethodsBelongToG1G2" time="0.002" classname="com.techbeamers.GroupMultiple"/>
  <testcase name="MethodsBelongToG1G2G3" time="0.005" classname="com.techbeamers.GroupMultiple"/>
  <testcase name="MethodsBelongToG1G3" time="0.006" classname="com.techbeamers.GroupMultiple"/>
  <testcase name="MethodsBelongToG2" time="0.0" classname="com.techbeamers.GroupMultiple">
    <ignored/>
  </testcase> <!-- MethodsBelongToG2 -->
  <testcase name="MethodsBelongToG3" time="0.0" classname="com.techbeamers.GroupMultiple">
    <ignored/>
  </testcase> <!-- MethodsBelongToG3 -->
</testsuite> <!-- GRP-Window -->
