<?xml version="1.0" encoding="UTF-8"?>
<!-- Generated by org.testng.reporters.JUnitXMLReporter -->
<testsuite hostname="BSC-PF10PQM2" ignored="5" name="Default test" tests="1" failures="0" timestamp="2019-12-18T11:43:20 IST" time="0.045" errors="0">
  <testcase name="Group3Method3" time="0.009" classname="com.techbeamers.GroupRegex"/>
  <testcase name="Group2Method1" time="0.0" classname="com.techbeamers.GroupRegex">
    <ignored/>
  </testcase> <!-- Group2Method1 -->
  <testcase name="Group2Method2" time="0.0" classname="com.techbeamers.GroupRegex">
    <ignored/>
  </testcase> <!-- Group2Method2 -->
  <testcase name="Group3Method1" time="0.0" classname="com.techbeamers.GroupRegex">
    <ignored/>
  </testcase> <!-- Group3Method1 -->
  <testcase name="Group1Method2" time="0.0" classname="com.techbeamers.GroupRegex">
    <ignored/>
  </testcase> <!-- Group1Method2 -->
  <testcase name="Group1Method1" time="0.0" classname="com.techbeamers.GroupRegex">
    <ignored/>
  </testcase> <!-- Group1Method1 -->
</testsuite> <!-- Default test -->
